<?xml version="1.0" encoding="UTF-8"?>
<!-- Generated by org.testng.reporters.JUnitXMLReporter -->
<testsuite hostname="ANKUMALV-YK76Y" ignored="0" name="TestOneIE" tests="2" failures="0" timestamp="2020-07-18T23:23:55 IST" time="0.138" errors="0">
  <testcase name="login" time="0.0" classname="test.LoginPage">
    <skipped/>
  </testcase> <!-- login -->
  <testcase name="enterText" time="0.0" classname="test.LoginPage">
    <skipped/>
  </testcase> <!-- enterText -->
</testsuite> <!-- TestOneIE -->
