<?xml version="1.0" encoding="UTF-8"?>
<!-- Generated by org.testng.reporters.JUnitXMLReporter -->
<testsuite hostname="ANKUMALV-YK76Y" ignored="0" name="TestOneFF" tests="2" failures="0" timestamp="2020-07-18T23:23:55 IST" time="0.061" errors="0">
  <testcase name="@BeforeMethod setUp" time="0.043" classname="base.BasePage">
    <failure type="java.lang.NullPointerException">
      <![CDATA[java.lang.NullPointerException
at base.BasePage.initialize(BasePage.java:32)
at base.BasePage.setUp(BasePage.java:45)
at java.util.ArrayList.forEach(ArrayList.java:1257)
at java.util.concurrent.FutureTask.run(FutureTask.java:266)
at java.util.concurrent.ThreadPoolExecutor.runWorker(ThreadPoolExecutor.java:1149)
at java.util.concurrent.ThreadPoolExecutor$Worker.run(ThreadPoolExecutor.java:624)
at java.lang.Thread.run(Thread.java:748)
... Removed 22 stack frames]]>
    </failure>
  </testcase> <!-- @BeforeMethod setUp -->
  <testcase name="@AfterMethod tearDown" time="-1.595094835763E9" classname="base.BasePage">
    <skipped/>
  </testcase> <!-- @AfterMethod tearDown -->
  <testcase name="login" time="0.0" classname="test.LoginPage">
    <skipped/>
  </testcase> <!-- login -->
  <testcase name="enterText" time="0.0" classname="test.LoginPage">
    <skipped/>
  </testcase> <!-- enterText -->
</testsuite> <!-- TestOneFF -->
